<?xml version="1.0" encoding="UTF-8"?>
<!-- Generated by org.testng.reporters.JUnitXMLReporter -->
<testsuite hostname="HAW-RAGRAWA-01" ignored="0" name="Cucumber with TestNG Test" tests="2" failures="0" timestamp="20 Oct 2023 14:57:15 GMT" time="33.477" errors="0">
  <testcase name="runScenario" time="23.507" classname="io.cucumber.testng.AbstractTestNGCucumberTests"/>
  <testcase name="runScenario" time="9.329" classname="io.cucumber.testng.AbstractTestNGCucumberTests"/>
</testsuite> <!-- Cucumber with TestNG Test -->
