<?xml version="1.0" encoding="UTF-8"?>
<!-- Generated by org.testng.reporters.JUnitXMLReporter -->
<testsuite ignored="0" hostname="DESKTOP-8HESGMV" failures="0" tests="0" name="Test01" time="0.23" errors="0" timestamp="2023-10-20T00:13:36 IST">
  <testcase classname="io.cucumber.testng.AbstractTestNGCucumberTests" name="@BeforeClass setUpClass" time="0.145">
    <failure type="java.lang.NoClassDefFoundError" message="io/cucumber/core/options/CucumberPropertiesProvider">
      <![CDATA[java.lang.NoClassDefFoundError: io/cucumber/core/options/CucumberPropertiesProvider
at io.cucumber.testng.TestNGCucumberRunner.<init>(TestNGCucumberRunner.java:89)
at io.cucumber.testng.AbstractTestNGCucumberTests.setUpClass(AbstractTestNGCucumberTests.java:27)
at java.base/java.util.ArrayList.forEach(ArrayList.java:1511)
Caused by: java.lang.ClassNotFoundException: io.cucumber.core.options.CucumberPropertiesProvider
at java.base/jdk.internal.loader.BuiltinClassLoader.loadClass(BuiltinClassLoader.java:641)
at java.base/jdk.internal.loader.ClassLoaders$AppClassLoader.loadClass(ClassLoaders.java:188)
at java.base/java.lang.ClassLoader.loadClass(ClassLoader.java:521)
... 26 more
... Removed 23 stack frames]]>
    </failure>
  </testcase> <!-- @BeforeClass setUpClass -->
</testsuite> <!-- Test01 -->
